# JRE version: Java(TM) SE Runtime Environment (8.0_45-b15) (build 1.8.0_45-b15)
# Java VM: Java HotSpot(TM) Client VM (25.45-b02 mixed mode windows-x86 )
Heap:
 def new generation   total 15360K, used 11699K [0x03c00000, 0x04ca0000, 0x09150000)
  eden space 13696K,  73% used [0x03c00000, 0x045ccc38, 0x04960000)
  from space 1664K, 100% used [0x04b00000, 0x04ca0000, 0x04ca0000)
  to   space 1664K,   0% used [0x04960000, 0x04960000, 0x04b00000)
 tenured generation   total 34032K, used 25228K [0x09150000, 0x0b28c000, 0x13c00000)
   the space 34032K,  74% used [0x09150000, 0x0a9f33a8, 0x0a9f3400, 0x0b28c000)
 Metaspace       used 24178K, capacity 24415K, committed 24448K, reserved 24960K
GC Heap History (10 events):
Event: 6.345 GC heap before
{Heap before GC invocations=55 (full 2):
 def new generation   total 9280K, used 8862K [0x03c00000, 0x04610000, 0x09150000)
  eden space 8256K, 100% used [0x03c00000, 0x04410000, 0x04410000)
  from space 1024K,  59% used [0x04410000, 0x044a78c8, 0x04510000)
  to   space 1024K,   0% used [0x04510000, 0x04510000, 0x04610000)
 tenured generation   total 20592K, used 19852K [0x09150000, 0x0a56c000, 0x13c00000)
   the space 20592K,  96% used [0x09150000, 0x0a4b3040, 0x0a4b3200, 0x0a56c000)
 Metaspace       used 18633K, capacity 18868K, committed 18944K, reserved 19840K
Event: 6.348 GC heap after
Heap after GC invocations=56 (full 2):
 def new generation   total 9280K, used 513K [0x03c00000, 0x04610000, 0x09150000)
  eden space 8256K,   0% used [0x03c00000, 0x03c00000, 0x04410000)
  from space 1024K,  50% used [0x04510000, 0x04590670, 0x04610000)
  to   space 1024K,   0% used [0x04410000, 0x04410000, 0x04510000)
 tenured generation   total 20592K, used 20351K [0x09150000, 0x0a56c000, 0x13c00000)
   the space 20592K,  98% used [0x09150000, 0x0a52fde0, 0x0a52fe00, 0x0a56c000)
 Metaspace       used 18633K, capacity 18868K, committed 18944K, reserved 19840K
}
Event: 6.449 GC heap before
{Heap before GC invocations=56 (full 2):
 def new generation   total 9280K, used 8769K [0x03c00000, 0x04610000, 0x09150000)
  eden space 8256K, 100% used [0x03c00000, 0x04410000, 0x04410000)
  from space 1024K,  50% used [0x04510000, 0x04590670, 0x04610000)
  to   space 1024K,   0% used [0x04410000, 0x04410000, 0x04510000)
 tenured generation   total 20592K, used 20351K [0x09150000, 0x0a56c000, 0x13c00000)
   the space 20592K,  98% used [0x09150000, 0x0a52fde0, 0x0a52fe00, 0x0a56c000)
 Metaspace       used 18679K, capacity 18900K, committed 18944K, reserved 19840K
Event: 6.503 GC heap after
Heap after GC invocations=57 (full 3):
 def new generation   total 15360K, used 0K [0x03c00000, 0x04ca0000, 0x09150000)
  eden space 13696K,   0% used [0x03c00000, 0x03c00000, 0x04960000)
  from space 1664K,   0% used [0x04960000, 0x04960000, 0x04b00000)
  to   space 1664K,   0% used [0x04b00000, 0x04b00000, 0x04ca0000)
 tenured generation   total 34032K, used 20417K [0x09150000, 0x0b28c000, 0x13c00000)
   the space 34032K,  59% used [0x09150000, 0x0a540468, 0x0a540600, 0x0b28c000)
 Metaspace       used 18679K, capacity 18900K, committed 18944K, reserved 19840K
}
Event: 7.698 GC heap before
{Heap before GC invocations=57 (full 3):
 def new generation   total 15360K, used 13696K [0x03c00000, 0x04ca0000, 0x09150000)
  eden space 13696K, 100% used [0x03c00000, 0x04960000, 0x04960000)
  from space 1664K,   0% used [0x04960000, 0x04960000, 0x04b00000)
  to   space 1664K,   0% used [0x04b00000, 0x04b00000, 0x04ca0000)
 tenured generation   total 34032K, used 20417K [0x09150000, 0x0b28c000, 0x13c00000)
   the space 34032K,  59% used [0x09150000, 0x0a540468, 0x0a540600, 0x0b28c000)
 Metaspace       used 19370K, capacity 19605K, committed 19712K, reserved 19840K
Event: 7.707 GC heap after
Heap after GC invocations=58 (full 3):
 def new generation   total 15360K, used 1664K [0x03c00000, 0x04ca0000, 0x09150000)
  eden space 13696K,   0% used [0x03c00000, 0x03c00000, 0x04960000)
  from space 1664K, 100% used [0x04b00000, 0x04ca0000, 0x04ca0000)
  to   space 1664K,   0% used [0x04960000, 0x04960000, 0x04b00000)
 tenured generation   total 34032K, used 20808K [0x09150000, 0x0b28c000, 0x13c00000)
   the space 34032K,  61% used [0x09150000, 0x0a5a22d8, 0x0a5a2400, 0x0b28c000)
 Metaspace       used 19370K, capacity 19605K, committed 19712K, reserved 19840K
}
Event: 42.570 GC heap before
{Heap before GC invocations=58 (full 3):
 def new generation   total 15360K, used 15360K [0x03c00000, 0x04ca0000, 0x09150000)
  eden space 13696K, 100% used [0x03c00000, 0x04960000, 0x04960000)
  from space 1664K, 100% used [0x04b00000, 0x04ca0000, 0x04ca0000)
  to   space 1664K,   0% used [0x04960000, 0x04960000, 0x04b00000)
 tenured generation   total 34032K, used 20808K [0x09150000, 0x0b28c000, 0x13c00000)
   the space 34032K,  61% used [0x09150000, 0x0a5a22d8, 0x0a5a2400, 0x0b28c000)
 Metaspace       used 20576K, capacity 20821K, committed 20864K, reserved 20864K
Event: 42.588 GC heap after
Heap after GC invocations=59 (full 3):
 def new generation   total 15360K, used 1664K [0x03c00000, 0x04ca0000, 0x09150000)
  eden space 13696K,   0% used [0x03c00000, 0x03c00000, 0x04960000)
  from space 1664K, 100% used [0x04960000, 0x04b00000, 0x04b00000)
  to   space 1664K,   0% used [0x04b00000, 0x04b00000, 0x04ca0000)
 tenured generation   total 34032K, used 23044K [0x09150000, 0x0b28c000, 0x13c00000)
   the space 34032K,  67% used [0x09150000, 0x0a7d1040, 0x0a7d1200, 0x0b28c000)
 Metaspace       used 20576K, capacity 20821K, committed 20864K, reserved 20864K
}
Event: 54.306 GC heap before
{Heap before GC invocations=59 (full 3):
 def new generation   total 15360K, used 15360K [0x03c00000, 0x04ca0000, 0x09150000)
  eden space 13696K, 100% used [0x03c00000, 0x04960000, 0x04960000)
  from space 1664K, 100% used [0x04960000, 0x04b00000, 0x04b00000)
  to   space 1664K,   0% used [0x04b00000, 0x04b00000, 0x04ca0000)
 tenured generation   total 34032K, used 23044K [0x09150000, 0x0b28c000, 0x13c00000)
   the space 34032K,  67% used [0x09150000, 0x0a7d1040, 0x0a7d1200, 0x0b28c000)
 Metaspace       used 23305K, capacity 23580K, committed 23680K, reserved 23936K
Event: 54.318 GC heap after
Heap after GC invocations=60 (full 3):
 def new generation   total 15360K, used 1664K [0x03c00000, 0x04ca0000, 0x09150000)
  eden space 13696K,   0% used [0x03c00000, 0x03c00000, 0x04960000)
  from space 1664K, 100% used [0x04b00000, 0x04ca0000, 0x04ca0000)
  to   space 1664K,   0% used [0x04960000, 0x04960000, 0x04b00000)
 tenured generation   total 34032K, used 25228K [0x09150000, 0x0b28c000, 0x13c00000)
   the space 34032K,  74% used [0x09150000, 0x0a9f33a8, 0x0a9f3400, 0x0b28c000)
 Metaspace       used 23305K, capacity 23580K, committed 23680K, reserved 23936K
}

